<?xml version="1.0" encoding="UTF-8"?>
<!-- Generated by org.testng.reporters.JUnitXMLReporter -->
<testsuite ignored="2" hostname="OP-QA-13" failures="0" tests="3" name="Surefire test" time="0.106" errors="0" timestamp="2025-04-02T00:15:43 WEST">
  <testcase classname="Framework1.TestNG2" name="usernamesAndPasswords" time="0.01"/>
  <testcase classname="Framework1.TestNG2" name="usernamesAndPasswords" time="0.001"/>
  <testcase classname="Framework1.TestNG2" name="usernamesAndPasswords" time="0.001"/>
  <testcase classname="Framework1.TestNG2" name="Ademo11" time="0.0">
    <ignored/>
  </testcase> <!-- Ademo11 -->
  <testcase classname="Framework1.TestNG2" name="demo6" time="0.0">
    <ignored/>
  </testcase> <!-- demo6 -->
</testsuite> <!-- Surefire test -->
